<?xml version="1.0" encoding="UTF-8"?>
<!-- Generated by org.testng.reporters.JUnitReportReporter -->
<testsuite hostname="KALYAN" failures="0" tests="1" name="com.crm.autodeskSeleniumFramework.contacts.TC_01_Test" time="52.458" errors="0" timestamp="2022-03-25T21:15:15 IST" skipped="0">
  <testcase classname="com.crm.autodeskSeleniumFramework.contacts.TC_01_Test" name="test" time="52.458"/>
  <system-out/>
</testsuite> <!-- com.crm.autodeskSeleniumFramework.contacts.TC_01_Test -->
