<?xml version="1.0" encoding="UTF-8"?>
<!-- Generated by org.testng.reporters.JUnitReportReporter -->
<testsuite hostname="KALYAN" failures="0" tests="3" name="practice.CreateOrgTestNgTest" time="0.046" errors="0" timestamp="2022-03-15T16:51:19 IST" skipped="0">
  <testcase classname="practice.CreateOrgTestNgTest" name="smoke" time="0.008"/>
  <system-out/>
  <testcase classname="practice.CreateOrgTestNgTest" name="regression" time="0.004"/>
  <system-out/>
  <testcase classname="practice.CreateOrgTestNgTest" name="integresion" time="0.034"/>
  <system-out/>
</testsuite> <!-- practice.CreateOrgTestNgTest -->
