<?xml version="1.0" encoding="UTF-8"?>
<!-- Generated by org.testng.reporters.JUnitReportReporter -->
<testsuite hostname="KALYAN" failures="0" tests="1" name="com.crm.autodeskSeleniumFramework.testNgAnnotation.CreateContact_ChooseOrgTest" time="70.747" errors="0" timestamp="2022-03-23T10:17:27 IST" skipped="0">
  <testcase classname="com.crm.autodeskSeleniumFramework.testNgAnnotation.CreateContact_ChooseOrgTest" name="createOrganization" time="70.747"/>
  <system-out/>
</testsuite> <!-- com.crm.autodeskSeleniumFramework.testNgAnnotation.CreateContact_ChooseOrgTest -->
