<?xml version="1.0" encoding="UTF-8"?>
<!-- Generated by org.testng.reporters.JUnitReportReporter -->
<testsuite hostname="KALYAN" failures="0" tests="1" name="practice.SelectTodaysDateAndFlightsTest" time="43.014" errors="0" timestamp="2022-03-24T18:54:29 IST" skipped="0">
  <testcase classname="practice.SelectTodaysDateAndFlightsTest" name="selectTodaysDate" time="43.014"/>
  <system-out/>
</testsuite> <!-- practice.SelectTodaysDateAndFlightsTest -->
