<?xml version="1.0" encoding="UTF-8"?>
<!-- Generated by org.testng.reporters.JUnitReportReporter -->
<testsuite hostname="KALYAN" failures="0" tests="1" name="dynamicWebTable.SelectAllCheckBox" time="43.790" errors="0" timestamp="2022-05-26T17:56:57 IST" skipped="0">
  <testcase classname="dynamicWebTable.SelectAllCheckBox" name="checkBox" time="43.790"/>
  <system-out/>
</testsuite> <!-- dynamicWebTable.SelectAllCheckBox -->
