<?xml version="1.0" encoding="UTF-8"?>
<!-- Generated by org.testng.reporters.JUnitReportReporter -->
<testsuite hostname="KALYAN" failures="0" tests="1" name="practice.HardAssert" time="0.042" errors="0" timestamp="2022-03-16T16:35:11 IST" skipped="0">
  <testcase classname="practice.HardAssert" name="haAssert" time="0.042"/>
  <system-out/>
</testsuite> <!-- practice.HardAssert -->
