<?xml version="1.0" encoding="UTF-8"?>
<!-- Generated by org.testng.reporters.JUnitReportReporter -->
<testsuite hostname="KALYAN" failures="0" tests="1" name="com.crm.autodeskSeleniumFramework.testNgAnnotation.Tl_13_Test" time="42.182" errors="0" timestamp="2022-03-23T10:21:59 IST" skipped="0">
  <testcase classname="com.crm.autodeskSeleniumFramework.testNgAnnotation.Tl_13_Test" name="createOrganization" time="42.182"/>
  <system-out/>
</testsuite> <!-- com.crm.autodeskSeleniumFramework.testNgAnnotation.Tl_13_Test -->
