<?xml version="1.0" encoding="UTF-8"?>
<!-- Generated by org.testng.reporters.JUnitReportReporter -->
<testsuite hostname="KALYAN" failures="0" tests="1" name="practice.SelectTodaysDateAndFlightsTest" time="49.206" errors="0" timestamp="2022-03-24T08:43:01 IST" skipped="0">
  <testcase classname="practice.SelectTodaysDateAndFlightsTest" name="selectTodaysDate" time="49.206"/>
  <system-out/>
</testsuite> <!-- practice.SelectTodaysDateAndFlightsTest -->
