<?xml version="1.0" encoding="UTF-8"?>
<!-- Generated by org.testng.reporters.JUnitReportReporter -->
<testsuite hostname="KALYAN" failures="0" tests="2" name="practice.MultiGruopsInTestNg" time="0.047" errors="0" timestamp="2022-03-15T16:57:12 IST" skipped="0">
  <testcase classname="practice.MultiGruopsInTestNg" name="smoke" time="0.009"/>
  <system-out/>
  <testcase classname="practice.MultiGruopsInTestNg" name="regression" time="0.038"/>
  <system-out/>
</testsuite> <!-- practice.MultiGruopsInTestNg -->
