<?xml version="1.0" encoding="UTF-8"?>
<!-- Generated by org.testng.reporters.JUnitReportReporter -->
<testsuite hostname="KALYAN" failures="0" tests="1" name="practice.SoftassertTestNg" time="0.054" errors="0" timestamp="2022-03-16T16:37:19 IST" skipped="0">
  <testcase classname="practice.SoftassertTestNg" name="softAssert" time="0.054"/>
  <system-out/>
</testsuite> <!-- practice.SoftassertTestNg -->
