<?xml version="1.0" encoding="UTF-8"?>
<!-- Generated by org.testng.reporters.JUnitReportReporter -->
<testsuite hostname="KALYAN" failures="0" tests="1" name="domElement.DOMObjectsInSeleniumDev" time="91.611" errors="0" timestamp="2022-05-18T05:44:07 IST" skipped="0">
  <testcase classname="domElement.DOMObjectsInSeleniumDev" name="domObject" time="91.611"/>
  <system-out/>
</testsuite> <!-- domElement.DOMObjectsInSeleniumDev -->
