<?xml version="1.0" encoding="UTF-8"?>
<!-- Generated by org.testng.reporters.JUnitReportReporter -->
<testsuite hostname="KALYAN" failures="0" tests="1" name="com.crm.autodeskSeleniumFramework.testNgAnnotation.CreateContact_ChooseOrgTest" time="97.457" errors="0" timestamp="2022-03-29T18:42:19 IST" skipped="0">
  <testcase classname="com.crm.autodeskSeleniumFramework.testNgAnnotation.CreateContact_ChooseOrgTest" name="createOrganization" time="97.457"/>
  <system-out/>
</testsuite> <!-- com.crm.autodeskSeleniumFramework.testNgAnnotation.CreateContact_ChooseOrgTest -->
