<?xml version="1.0" encoding="UTF-8"?>
<!-- Generated by org.testng.reporters.JUnitReportReporter -->
<testsuite hostname="KALYAN" failures="0" tests="5" name="practice.CreateContactUsingDataProviderTest" time="191.501" errors="0" timestamp="2022-03-14T12:34:22 IST" skipped="0">
  <testcase classname="practice.CreateContactUsingDataProviderTest" name="multipleDataToCreateContact" time="37.570"/>
  <system-out/>
  <testcase classname="practice.CreateContactUsingDataProviderTest" name="multipleDataToCreateContact" time="38.348"/>
  <system-out/>
  <testcase classname="practice.CreateContactUsingDataProviderTest" name="multipleDataToCreateContact" time="37.976"/>
  <system-out/>
  <testcase classname="practice.CreateContactUsingDataProviderTest" name="multipleDataToCreateContact" time="38.659"/>
  <system-out/>
  <testcase classname="practice.CreateContactUsingDataProviderTest" name="multipleDataToCreateContact" time="38.948"/>
  <system-out/>
</testsuite> <!-- practice.CreateContactUsingDataProviderTest -->
