<?xml version="1.0" encoding="UTF-8"?>
<!-- Generated by org.testng.reporters.JUnitReportReporter -->
<testsuite hostname="KALYAN" failures="0" tests="1" name="practice.GoIbIboHotelBookingTest" time="67.535" errors="0" timestamp="2022-03-24T08:29:13 IST" skipped="0">
  <testcase classname="practice.GoIbIboHotelBookingTest" name="goibgo" time="67.535"/>
  <system-out/>
</testsuite> <!-- practice.GoIbIboHotelBookingTest -->
