<?xml version="1.0" encoding="UTF-8"?>
<!-- Generated by org.testng.reporters.JUnitReportReporter -->
<testsuite hostname="KALYAN" failures="0" tests="1" name="com.crm.autodeskSeleniumFramework.testNgAnnotation.CreateOrganizationWithIndustryTest" time="42.633" errors="0" timestamp="2022-03-23T12:51:20 IST" skipped="0">
  <testcase classname="com.crm.autodeskSeleniumFramework.testNgAnnotation.CreateOrganizationWithIndustryTest" name="createOrganization" time="42.633"/>
  <system-out/>
</testsuite> <!-- com.crm.autodeskSeleniumFramework.testNgAnnotation.CreateOrganizationWithIndustryTest -->
