<?xml version="1.0" encoding="UTF-8"?>
<!-- Generated by org.testng.reporters.JUnitReportReporter -->
<testsuite hostname="KALYAN" failures="0" tests="1" name="practice.DataDrivenTestFromXmlFile" time="0.035" errors="0" timestamp="2022-03-16T15:00:07 IST" skipped="0">
  <testcase classname="practice.DataDrivenTestFromXmlFile" name="xmlData" time="0.035"/>
  <system-out/>
</testsuite> <!-- practice.DataDrivenTestFromXmlFile -->
