<?xml version="1.0" encoding="UTF-8"?>
<!-- Generated by org.testng.reporters.JUnitReportReporter -->
<testsuite hostname="KALYAN" failures="0" tests="1" name="com.crm.autodeskSeleniumFramework.testNgAnnotation.CreateOrganizationWithIndustry" time="56.409" errors="0" timestamp="2022-03-14T22:49:25 IST" skipped="0">
  <testcase classname="com.crm.autodeskSeleniumFramework.testNgAnnotation.CreateOrganizationWithIndustry" name="createOrganization" time="56.409"/>
  <system-out/>
</testsuite> <!-- com.crm.autodeskSeleniumFramework.testNgAnnotation.CreateOrganizationWithIndustry -->
