<?xml version="1.0" encoding="UTF-8"?>
<!-- Generated by org.testng.reporters.JUnitReportReporter -->
<testsuite hostname="KALYAN" failures="0" tests="1" name="com.crm.autodeskSeleniumFramework.testNgAnnotation.Tl_13_Test" time="41.982" errors="0" timestamp="2022-03-29T18:36:39 IST" skipped="0">
  <testcase classname="com.crm.autodeskSeleniumFramework.testNgAnnotation.Tl_13_Test" name="createOrganization" time="41.982"/>
  <system-out/>
</testsuite> <!-- com.crm.autodeskSeleniumFramework.testNgAnnotation.Tl_13_Test -->
