<?xml version="1.0" encoding="UTF-8"?>
<!-- Generated by org.testng.reporters.JUnitReportReporter -->
<testsuite hostname="KALYAN" failures="0" tests="1" name="practice.SelectAllFlightListAndFareTest" time="47.130" errors="0" timestamp="2022-03-24T08:41:45 IST" skipped="0">
  <testcase classname="practice.SelectAllFlightListAndFareTest" name="allFlight" time="47.130"/>
  <system-out/>
</testsuite> <!-- practice.SelectAllFlightListAndFareTest -->
