<?xml version="1.0" encoding="UTF-8"?>
<!-- Generated by org.testng.reporters.JUnitReportReporter -->
<testsuite hostname="KALYAN" failures="0" tests="1" name="dynamicWebTable.SelectOnlyOddCheckBox" time="36.634" errors="0" timestamp="2022-05-26T18:33:26 IST" skipped="0">
  <testcase classname="dynamicWebTable.SelectOnlyOddCheckBox" name="checkBox" time="36.634"/>
  <system-out/>
</testsuite> <!-- dynamicWebTable.SelectOnlyOddCheckBox -->
