<?xml version="1.0" encoding="UTF-8"?>
<!-- Generated by org.testng.reporters.JUnitReportReporter -->
<testsuite hostname="KALYAN" failures="0" tests="1" name="javascriptExecutor.ScrollPage" time="34.224" errors="0" timestamp="2022-06-04T22:23:32 PDT" skipped="0">
  <testcase classname="javascriptExecutor.ScrollPage" name="scollPage" time="34.224"/>
  <system-out/>
</testsuite> <!-- javascriptExecutor.ScrollPage -->
